{"src\\lilli.js":{"path":"src\\lilli.js","s":{"1":1,"2":1,"3":0,"4":1,"5":1,"6":1,"7":34,"8":83,"9":10,"10":24,"11":1,"12":0,"13":0,"14":0,"15":1,"16":18,"17":0,"18":18,"19":18,"20":18,"21":18,"22":18,"23":18,"24":108,"25":18,"26":15,"27":15,"28":15,"29":15,"30":15,"31":15,"32":10,"33":22,"34":2,"35":2,"36":3,"37":2,"38":18,"39":90,"40":18,"41":72,"42":8,"43":64,"44":36,"45":28,"46":7,"47":21,"48":3,"49":18,"50":18,"51":90,"52":90,"53":69,"54":69,"55":51,"56":69,"57":69,"58":18,"59":108,"60":108,"61":18,"62":90,"63":90,"64":0,"65":0,"66":0,"67":0,"68":0,"69":0,"70":0,"71":0,"72":0,"73":0,"74":0,"75":90,"76":90,"77":90,"78":90,"79":18,"80":18,"81":18,"82":1,"83":18,"84":1,"85":18,"86":1},"b":{"1":[0,1],"2":[10,73],"3":[0,18],"4":[15,3],"5":[15,13],"6":[10,5],"7":[15,13],"8":[2,20],"9":[22,19,17],"10":[2,1],"11":[18,72],"12":[8,64],"13":[36,28],"14":[64,56],"15":[7,21],"16":[3,18],"17":[69,21],"18":[51,18],"19":[18,90],"20":[90,0],"21":[0,0,0,0,0,0,0,0,0,90],"22":[0,0],"23":[0,0],"24":[0,0],"25":[0,0],"26":[90,0],"27":[90,0,0,0]},"f":{"1":1,"2":34,"3":0,"4":18,"5":90,"6":90,"7":18,"8":18},"fnMap":{"1":{"name":"(anonymous_1)","line":4,"loc":{"start":{"line":4,"column":16},"end":{"line":4,"column":48}}},"2":{"name":"(anonymous_2)","line":12,"loc":{"start":{"line":12,"column":24},"end":{"line":12,"column":48}}},"3":{"name":"(anonymous_3)","line":22,"loc":{"start":{"line":22,"column":23},"end":{"line":22,"column":57}}},"4":{"name":"(anonymous_4)","line":36,"loc":{"start":{"line":36,"column":23},"end":{"line":36,"column":39}}},"5":{"name":"(anonymous_5)","line":78,"loc":{"start":{"line":78,"column":32},"end":{"line":78,"column":48}}},"6":{"name":"(anonymous_6)","line":104,"loc":{"start":{"line":104,"column":23},"end":{"line":104,"column":46}}},"7":{"name":"(anonymous_7)","line":164,"loc":{"start":{"line":164,"column":28},"end":{"line":164,"column":44}}},"8":{"name":"(anonymous_8)","line":167,"loc":{"start":{"line":167,"column":24},"end":{"line":167,"column":39}}}},"statementMap":{"1":{"start":{"line":4,"column":0},"end":{"line":176,"column":40}},"2":{"start":{"line":6,"column":4},"end":{"line":8,"column":5}},"3":{"start":{"line":7,"column":8},"end":{"line":7,"column":52}},"4":{"start":{"line":9,"column":4},"end":{"line":9,"column":40}},"5":{"start":{"line":10,"column":4},"end":{"line":10,"column":38}},"6":{"start":{"line":12,"column":4},"end":{"line":19,"column":6}},"7":{"start":{"line":13,"column":8},"end":{"line":17,"column":9}},"8":{"start":{"line":14,"column":12},"end":{"line":16,"column":13}},"9":{"start":{"line":15,"column":16},"end":{"line":15,"column":28}},"10":{"start":{"line":18,"column":8},"end":{"line":18,"column":21}},"11":{"start":{"line":22,"column":4},"end":{"line":30,"column":6}},"12":{"start":{"line":25,"column":8},"end":{"line":25,"column":43}},"13":{"start":{"line":26,"column":8},"end":{"line":26,"column":30}},"14":{"start":{"line":29,"column":8},"end":{"line":29,"column":45}},"15":{"start":{"line":36,"column":4},"end":{"line":161,"column":6}},"16":{"start":{"line":37,"column":8},"end":{"line":39,"column":9}},"17":{"start":{"line":38,"column":12},"end":{"line":38,"column":67}},"18":{"start":{"line":40,"column":8},"end":{"line":40,"column":32}},"19":{"start":{"line":41,"column":8},"end":{"line":41,"column":29}},"20":{"start":{"line":42,"column":8},"end":{"line":42,"column":25}},"21":{"start":{"line":44,"column":8},"end":{"line":44,"column":32}},"22":{"start":{"line":45,"column":8},"end":{"line":45,"column":72}},"23":{"start":{"line":47,"column":8},"end":{"line":49,"column":9}},"24":{"start":{"line":48,"column":12},"end":{"line":48,"column":47}},"25":{"start":{"line":51,"column":8},"end":{"line":76,"column":9}},"26":{"start":{"line":52,"column":12},"end":{"line":52,"column":54}},"27":{"start":{"line":54,"column":12},"end":{"line":54,"column":48}},"28":{"start":{"line":55,"column":12},"end":{"line":55,"column":62}},"29":{"start":{"line":56,"column":12},"end":{"line":56,"column":60}},"30":{"start":{"line":57,"column":12},"end":{"line":57,"column":102}},"31":{"start":{"line":58,"column":12},"end":{"line":68,"column":13}},"32":{"start":{"line":61,"column":16},"end":{"line":67,"column":17}},"33":{"start":{"line":62,"column":20},"end":{"line":65,"column":21}},"34":{"start":{"line":63,"column":24},"end":{"line":63,"column":43}},"35":{"start":{"line":64,"column":24},"end":{"line":64,"column":30}},"36":{"start":{"line":73,"column":12},"end":{"line":75,"column":13}},"37":{"start":{"line":74,"column":16},"end":{"line":74,"column":35}},"38":{"start":{"line":78,"column":8},"end":{"line":103,"column":10}},"39":{"start":{"line":80,"column":12},"end":{"line":82,"column":13}},"40":{"start":{"line":81,"column":16},"end":{"line":81,"column":28}},"41":{"start":{"line":84,"column":12},"end":{"line":86,"column":13}},"42":{"start":{"line":85,"column":16},"end":{"line":85,"column":29}},"43":{"start":{"line":88,"column":12},"end":{"line":90,"column":13}},"44":{"start":{"line":89,"column":16},"end":{"line":89,"column":28}},"45":{"start":{"line":92,"column":12},"end":{"line":94,"column":13}},"46":{"start":{"line":93,"column":16},"end":{"line":93,"column":28}},"47":{"start":{"line":97,"column":12},"end":{"line":99,"column":13}},"48":{"start":{"line":98,"column":16},"end":{"line":98,"column":29}},"49":{"start":{"line":102,"column":12},"end":{"line":102,"column":51}},"50":{"start":{"line":104,"column":8},"end":{"line":115,"column":10}},"51":{"start":{"line":106,"column":12},"end":{"line":106,"column":58}},"52":{"start":{"line":107,"column":12},"end":{"line":114,"column":13}},"53":{"start":{"line":108,"column":16},"end":{"line":108,"column":32}},"54":{"start":{"line":109,"column":16},"end":{"line":111,"column":17}},"55":{"start":{"line":110,"column":20},"end":{"line":110,"column":33}},"56":{"start":{"line":112,"column":16},"end":{"line":112,"column":85}},"57":{"start":{"line":113,"column":16},"end":{"line":113,"column":37}},"58":{"start":{"line":116,"column":8},"end":{"line":156,"column":9}},"59":{"start":{"line":117,"column":12},"end":{"line":117,"column":28}},"60":{"start":{"line":118,"column":12},"end":{"line":120,"column":13}},"61":{"start":{"line":119,"column":16},"end":{"line":119,"column":25}},"62":{"start":{"line":121,"column":12},"end":{"line":155,"column":13}},"63":{"start":{"line":122,"column":16},"end":{"line":154,"column":17}},"64":{"start":{"line":128,"column":24},"end":{"line":128,"column":30}},"65":{"start":{"line":130,"column":24},"end":{"line":132,"column":25}},"66":{"start":{"line":131,"column":28},"end":{"line":131,"column":82}},"67":{"start":{"line":133,"column":24},"end":{"line":133,"column":30}},"68":{"start":{"line":135,"column":24},"end":{"line":139,"column":25}},"69":{"start":{"line":136,"column":28},"end":{"line":138,"column":29}},"70":{"start":{"line":137,"column":32},"end":{"line":137,"column":71}},"71":{"start":{"line":140,"column":24},"end":{"line":140,"column":30}},"72":{"start":{"line":143,"column":24},"end":{"line":145,"column":25}},"73":{"start":{"line":144,"column":28},"end":{"line":144,"column":64}},"74":{"start":{"line":146,"column":24},"end":{"line":146,"column":30}},"75":{"start":{"line":148,"column":24},"end":{"line":148,"column":65}},"76":{"start":{"line":149,"column":24},"end":{"line":152,"column":25}},"77":{"start":{"line":151,"column":28},"end":{"line":151,"column":56}},"78":{"start":{"line":153,"column":24},"end":{"line":153,"column":30}},"79":{"start":{"line":158,"column":8},"end":{"line":158,"column":30}},"80":{"start":{"line":159,"column":8},"end":{"line":159,"column":29}},"81":{"start":{"line":160,"column":8},"end":{"line":160,"column":32}},"82":{"start":{"line":164,"column":4},"end":{"line":166,"column":6}},"83":{"start":{"line":165,"column":8},"end":{"line":165,"column":30}},"84":{"start":{"line":167,"column":4},"end":{"line":169,"column":6}},"85":{"start":{"line":168,"column":8},"end":{"line":168,"column":28}},"86":{"start":{"line":172,"column":4},"end":{"line":175,"column":6}}},"branchMap":{"1":{"line":6,"type":"if","locations":[{"start":{"line":6,"column":4},"end":{"line":6,"column":4}},{"start":{"line":6,"column":4},"end":{"line":6,"column":4}}]},"2":{"line":14,"type":"if","locations":[{"start":{"line":14,"column":12},"end":{"line":14,"column":12}},{"start":{"line":14,"column":12},"end":{"line":14,"column":12}}]},"3":{"line":37,"type":"if","locations":[{"start":{"line":37,"column":8},"end":{"line":37,"column":8}},{"start":{"line":37,"column":8},"end":{"line":37,"column":8}}]},"4":{"line":51,"type":"if","locations":[{"start":{"line":51,"column":8},"end":{"line":51,"column":8}},{"start":{"line":51,"column":8},"end":{"line":51,"column":8}}]},"5":{"line":57,"type":"binary-expr","locations":[{"start":{"line":57,"column":26},"end":{"line":57,"column":61}},{"start":{"line":57,"column":65},"end":{"line":57,"column":101}}]},"6":{"line":58,"type":"if","locations":[{"start":{"line":58,"column":12},"end":{"line":58,"column":12}},{"start":{"line":58,"column":12},"end":{"line":58,"column":12}}]},"7":{"line":58,"type":"binary-expr","locations":[{"start":{"line":58,"column":16},"end":{"line":58,"column":27}},{"start":{"line":58,"column":31},"end":{"line":58,"column":43}}]},"8":{"line":62,"type":"if","locations":[{"start":{"line":62,"column":20},"end":{"line":62,"column":20}},{"start":{"line":62,"column":20},"end":{"line":62,"column":20}}]},"9":{"line":62,"type":"binary-expr","locations":[{"start":{"line":62,"column":24},"end":{"line":62,"column":49}},{"start":{"line":62,"column":53},"end":{"line":62,"column":78}},{"start":{"line":62,"column":82},"end":{"line":62,"column":112}}]},"10":{"line":73,"type":"if","locations":[{"start":{"line":73,"column":12},"end":{"line":73,"column":12}},{"start":{"line":73,"column":12},"end":{"line":73,"column":12}}]},"11":{"line":80,"type":"if","locations":[{"start":{"line":80,"column":12},"end":{"line":80,"column":12}},{"start":{"line":80,"column":12},"end":{"line":80,"column":12}}]},"12":{"line":84,"type":"if","locations":[{"start":{"line":84,"column":12},"end":{"line":84,"column":12}},{"start":{"line":84,"column":12},"end":{"line":84,"column":12}}]},"13":{"line":88,"type":"if","locations":[{"start":{"line":88,"column":12},"end":{"line":88,"column":12}},{"start":{"line":88,"column":12},"end":{"line":88,"column":12}}]},"14":{"line":88,"type":"binary-expr","locations":[{"start":{"line":88,"column":16},"end":{"line":88,"column":26}},{"start":{"line":88,"column":30},"end":{"line":88,"column":41}}]},"15":{"line":92,"type":"if","locations":[{"start":{"line":92,"column":12},"end":{"line":92,"column":12}},{"start":{"line":92,"column":12},"end":{"line":92,"column":12}}]},"16":{"line":97,"type":"if","locations":[{"start":{"line":97,"column":12},"end":{"line":97,"column":12}},{"start":{"line":97,"column":12},"end":{"line":97,"column":12}}]},"17":{"line":107,"type":"if","locations":[{"start":{"line":107,"column":12},"end":{"line":107,"column":12}},{"start":{"line":107,"column":12},"end":{"line":107,"column":12}}]},"18":{"line":109,"type":"if","locations":[{"start":{"line":109,"column":16},"end":{"line":109,"column":16}},{"start":{"line":109,"column":16},"end":{"line":109,"column":16}}]},"19":{"line":118,"type":"if","locations":[{"start":{"line":118,"column":12},"end":{"line":118,"column":12}},{"start":{"line":118,"column":12},"end":{"line":118,"column":12}}]},"20":{"line":121,"type":"if","locations":[{"start":{"line":121,"column":12},"end":{"line":121,"column":12}},{"start":{"line":121,"column":12},"end":{"line":121,"column":12}}]},"21":{"line":122,"type":"switch","locations":[{"start":{"line":123,"column":20},"end":{"line":123,"column":34}},{"start":{"line":124,"column":20},"end":{"line":124,"column":34}},{"start":{"line":125,"column":20},"end":{"line":125,"column":33}},{"start":{"line":126,"column":20},"end":{"line":126,"column":33}},{"start":{"line":127,"column":20},"end":{"line":128,"column":30}},{"start":{"line":129,"column":20},"end":{"line":133,"column":30}},{"start":{"line":134,"column":20},"end":{"line":140,"column":30}},{"start":{"line":141,"column":20},"end":{"line":141,"column":36}},{"start":{"line":142,"column":20},"end":{"line":146,"column":30}},{"start":{"line":147,"column":20},"end":{"line":153,"column":30}}]},"22":{"line":130,"type":"if","locations":[{"start":{"line":130,"column":24},"end":{"line":130,"column":24}},{"start":{"line":130,"column":24},"end":{"line":130,"column":24}}]},"23":{"line":136,"type":"if","locations":[{"start":{"line":136,"column":28},"end":{"line":136,"column":28}},{"start":{"line":136,"column":28},"end":{"line":136,"column":28}}]},"24":{"line":143,"type":"if","locations":[{"start":{"line":143,"column":24},"end":{"line":143,"column":24}},{"start":{"line":143,"column":24},"end":{"line":143,"column":24}}]},"25":{"line":144,"type":"binary-expr","locations":[{"start":{"line":144,"column":46},"end":{"line":144,"column":54}},{"start":{"line":144,"column":58},"end":{"line":144,"column":62}}]},"26":{"line":149,"type":"if","locations":[{"start":{"line":149,"column":24},"end":{"line":149,"column":24}},{"start":{"line":149,"column":24},"end":{"line":149,"column":24}}]},"27":{"line":149,"type":"binary-expr","locations":[{"start":{"line":149,"column":28},"end":{"line":149,"column":48}},{"start":{"line":149,"column":52},"end":{"line":149,"column":73}},{"start":{"line":150,"column":28},"end":{"line":150,"column":49}},{"start":{"line":150,"column":53},"end":{"line":150,"column":76}}]}}}}